Using pre-set license
Built from '2020.3/staging' branch; Version is '2020.3.4f1 (0abb6314276a) revision 703331'; Using compiler version '192528614'; Build Type 'Release'
OS: 'Windows 10 Pro; OS build 19042.985; Version 2009; 64bit' Language: 'en' Physical Memory: 16201 MB
BatchMode: 1, IsHumanControllingUs: 0, StartBugReporterOnCrash: 0, Is64bit: 1, IsPro: 0

 COMMAND LINE ARGUMENTS:
C:\Program Files\Unity\Hub\Editor\2020.3.4f1\Editor\Unity.exe
-adb2
-batchMode
-noUpm
-name
AssetImportWorker0
-projectPath
D:/GitHub/Cohete broderrV2
-logFile
Logs/AssetImportWorker0.log
-srvPort
56442
Successfully changed project path to: D:/GitHub/Cohete broderrV2
D:/GitHub/Cohete broderrV2
Using Asset Import Pipeline V2.
Refreshing native plugins compatible for Editor in 30.45 ms, found 0 plugins.
Preloading 0 native plugins for Editor in 0.00 ms.
Initialize engine version: 2020.3.4f1 (0abb6314276a)
[Subsystems] Discovering subsystems at path C:/Program Files/Unity/Hub/Editor/2020.3.4f1/Editor/Data/Resources/UnitySubsystems
[Subsystems] Discovering subsystems at path D:/GitHub/Cohete broderrV2/Assets
GfxDevice: creating device client; threaded=0
Direct3D:
    Version:  Direct3D 11.0 [level 11.1]
    Renderer: NVIDIA GeForce GTX 960 (ID=0x1401)
    Vendor:   
    VRAM:     2007 MB
    Driver:   27.21.14.6589
Initialize mono
Mono path[0] = 'C:/Program Files/Unity/Hub/Editor/2020.3.4f1/Editor/Data/Managed'
Mono path[1] = 'C:/Program Files/Unity/Hub/Editor/2020.3.4f1/Editor/Data/MonoBleedingEdge/lib/mono/unityjit'
Mono config path = 'C:/Program Files/Unity/Hub/Editor/2020.3.4f1/Editor/Data/MonoBleedingEdge/etc'
Using monoOptions --debugger-agent=transport=dt_socket,embedding=1,server=y,suspend=n,address=127.0.0.1:56464
Begin MonoManager ReloadAssembly
Registering precompiled unity dll's ...
Register platform support module: C:/Program Files/Unity/Hub/Editor/2020.3.4f1/Editor/Data/PlaybackEngines/WebGLSupport/UnityEditor.WebGL.Extensions.dll
Register platform support module: C:/Program Files/Unity/Hub/Editor/2020.3.4f1/Editor/Data/PlaybackEngines/WindowsStandaloneSupport/UnityEditor.WindowsStandalone.Extensions.dll
Registered in 0.002450 seconds.
Native extension for WindowsStandalone target not found
Native extension for WebGL target not found
Refreshing native plugins compatible for Editor in 26.81 ms, found 0 plugins.
Preloading 0 native plugins for Editor in 0.00 ms.
Mono: successfully reloaded assembly
- Completed reload, in  1.344 seconds
Platform modules already initialized, skipping
Registering precompiled user dll's ...
Registered in 0.000552 seconds.
Begin MonoManager ReloadAssembly
Native extension for WindowsStandalone target not found
Native extension for WebGL target not found
Refreshing native plugins compatible for Editor in 0.28 ms, found 0 plugins.
Preloading 0 native plugins for Editor in 0.00 ms.
Mono: successfully reloaded assembly
- Completed reload, in  0.896 seconds
Platform modules already initialized, skipping
========================================================================
Worker process is ready to serve import requests
Launched and connected shader compiler UnityShaderCompiler.exe after 0.04 seconds
Refreshing native plugins compatible for Editor in 0.32 ms, found 0 plugins.
Preloading 0 native plugins for Editor in 0.00 ms.
Unloading 1265 Unused Serialized files (Serialized files now loaded: 0)
System memory in use before: 62.5 MB.
System memory in use after: 62.5 MB.

Unloading 11 unused Assets to reduce memory usage. Loaded Objects now: 1709.
Total: 2.135200 ms (FindLiveObjects: 0.137200 ms CreateObjectMapping: 0.044300 ms MarkObjects: 1.878000 ms  DeleteObjects: 0.074900 ms)

========================================================================
Received Import Request.
  path: Assets/Scenes/Moving.unity
  artifactKey: Guid(9f4434745ee17084992f9ca0949e471b) Importer(815301076,1909f56bfc062723c751e8b465ee728b)
Start importing Assets/Scenes/Moving.unity using Guid(9f4434745ee17084992f9ca0949e471b) Importer(815301076,1909f56bfc062723c751e8b465ee728b)  -> (artifact id: '5bfa7fe4f399909ebef7293551c2768d') in 0.019200 seconds
  Import took 0.021608 seconds .

========================================================================
Received Prepare
Registering precompiled user dll's ...
Registered in 0.000593 seconds.
Begin MonoManager ReloadAssembly
Native extension for WindowsStandalone target not found
Native extension for WebGL target not found
Refreshing native plugins compatible for Editor in 0.26 ms, found 0 plugins.
Preloading 0 native plugins for Editor in 0.00 ms.
Mono: successfully reloaded assembly
- Completed reload, in  0.865 seconds
Platform modules already initialized, skipping
Refreshing native plugins compatible for Editor in 0.27 ms, found 0 plugins.
Preloading 0 native plugins for Editor in 0.00 ms.
Unloading 1258 Unused Serialized files (Serialized files now loaded: 0)
System memory in use before: 62.3 MB.
System memory in use after: 62.3 MB.

Unloading 6 unused Assets to reduce memory usage. Loaded Objects now: 1712.
Total: 2.119800 ms (FindLiveObjects: 0.148100 ms CreateObjectMapping: 0.046200 ms MarkObjects: 1.875100 ms  DeleteObjects: 0.049800 ms)

========================================================================
Received Import Request.
  Time since last request: 77.680369 seconds.
  path: Assets/Scripts/MovingObject.cs
  artifactKey: Guid(7f16397211baefb4c85121541e0af1d5) Importer(815301076,1909f56bfc062723c751e8b465ee728b)
Start importing Assets/Scripts/MovingObject.cs using Guid(7f16397211baefb4c85121541e0af1d5) Importer(815301076,1909f56bfc062723c751e8b465ee728b)  -> (artifact id: 'f6b33ac7669ee0a7688866a806eb8c5c') in 0.052453 seconds
  Import took 0.054936 seconds .

========================================================================
Received Prepare
Registering precompiled user dll's ...
Registered in 0.000487 seconds.
Begin MonoManager ReloadAssembly
Native extension for WindowsStandalone target not found
Native extension for WebGL target not found
Refreshing native plugins compatible for Editor in 0.26 ms, found 0 plugins.
Preloading 0 native plugins for Editor in 0.00 ms.
Mono: successfully reloaded assembly
- Completed reload, in  0.885 seconds
Platform modules already initialized, skipping
Refreshing native plugins compatible for Editor in 0.26 ms, found 0 plugins.
Preloading 0 native plugins for Editor in 0.00 ms.
Unloading 1258 Unused Serialized files (Serialized files now loaded: 0)
System memory in use before: 62.3 MB.
System memory in use after: 62.4 MB.

Unloading 6 unused Assets to reduce memory usage. Loaded Objects now: 1715.
Total: 2.746300 ms (FindLiveObjects: 0.146800 ms CreateObjectMapping: 0.044100 ms MarkObjects: 2.487000 ms  DeleteObjects: 0.067300 ms)

========================================================================
Received Import Request.
  Time since last request: 53.516485 seconds.
  path: Assets/Scripts/MovingObject.cs
  artifactKey: Guid(7f16397211baefb4c85121541e0af1d5) Importer(815301076,1909f56bfc062723c751e8b465ee728b)
Start importing Assets/Scripts/MovingObject.cs using Guid(7f16397211baefb4c85121541e0af1d5) Importer(815301076,1909f56bfc062723c751e8b465ee728b)  -> (artifact id: '19d477662b980d9aeacf44c1b2a48232') in 0.005059 seconds
  Import took 0.008326 seconds .

========================================================================
Received Import Request.
  Time since last request: 1.374996 seconds.
  path: Assets/Scripts/MovingObject.cs
  artifactKey: Guid(7f16397211baefb4c85121541e0af1d5) Importer(815301076,1909f56bfc062723c751e8b465ee728b)
Start importing Assets/Scripts/MovingObject.cs using Guid(7f16397211baefb4c85121541e0af1d5) Importer(815301076,1909f56bfc062723c751e8b465ee728b)  -> (artifact id: '19d477662b980d9aeacf44c1b2a48232') in 0.001581 seconds
  Import took 0.003851 seconds .

========================================================================
Received Prepare
Registering precompiled user dll's ...
Registered in 0.000597 seconds.
Begin MonoManager ReloadAssembly
Native extension for WindowsStandalone target not found
Native extension for WebGL target not found
Refreshing native plugins compatible for Editor in 0.26 ms, found 0 plugins.
Preloading 0 native plugins for Editor in 0.00 ms.
Mono: successfully reloaded assembly
- Completed reload, in  0.902 seconds
Platform modules already initialized, skipping
Refreshing native plugins compatible for Editor in 0.29 ms, found 0 plugins.
Preloading 0 native plugins for Editor in 0.00 ms.
Unloading 1258 Unused Serialized files (Serialized files now loaded: 0)
System memory in use before: 62.3 MB.
System memory in use after: 62.4 MB.

Unloading 6 unused Assets to reduce memory usage. Loaded Objects now: 1718.
Total: 2.087800 ms (FindLiveObjects: 0.210000 ms CreateObjectMapping: 0.058800 ms MarkObjects: 1.769100 ms  DeleteObjects: 0.048600 ms)

========================================================================
Received Prepare
Registering precompiled user dll's ...
Registered in 0.000565 seconds.
Begin MonoManager ReloadAssembly
Native extension for WindowsStandalone target not found
Native extension for WebGL target not found
Refreshing native plugins compatible for Editor in 0.25 ms, found 0 plugins.
Preloading 0 native plugins for Editor in 0.00 ms.
Mono: successfully reloaded assembly
- Completed reload, in  0.864 seconds
Platform modules already initialized, skipping
Refreshing native plugins compatible for Editor in 0.27 ms, found 0 plugins.
Preloading 0 native plugins for Editor in 0.00 ms.
Unloading 1258 Unused Serialized files (Serialized files now loaded: 0)
System memory in use before: 62.3 MB.
System memory in use after: 62.4 MB.

Unloading 6 unused Assets to reduce memory usage. Loaded Objects now: 1721.
Total: 2.229800 ms (FindLiveObjects: 0.190400 ms CreateObjectMapping: 0.096800 ms MarkObjects: 1.888400 ms  DeleteObjects: 0.053200 ms)

========================================================================
Received Import Request.
  Time since last request: 163.881067 seconds.
  path: Assets/Prefab/Main Camera.prefab
  artifactKey: Guid(56036509efdcb4f448170af8171e403a) Importer(815301076,1909f56bfc062723c751e8b465ee728b)
Start importing Assets/Prefab/Main Camera.prefab using Guid(56036509efdcb4f448170af8171e403a) Importer(815301076,1909f56bfc062723c751e8b465ee728b)  -> (artifact id: '90114abf0c9d4943ce5b73a1fb8f3a49') in 0.042961 seconds
  Import took 0.045983 seconds .

========================================================================
Received Import Request.
  Time since last request: 0.023898 seconds.
  path: Assets/Prefab/Main Camera.prefab
  artifactKey: Guid(56036509efdcb4f448170af8171e403a) Importer(815301076,1909f56bfc062723c751e8b465ee728b)
Start importing Assets/Prefab/Main Camera.prefab using Guid(56036509efdcb4f448170af8171e403a) Importer(815301076,1909f56bfc062723c751e8b465ee728b)  -> (artifact id: '90114abf0c9d4943ce5b73a1fb8f3a49') in 0.003057 seconds
  Import took 0.005573 seconds .

========================================================================
Received Prepare
Registering precompiled user dll's ...
Registered in 0.000581 seconds.
Begin MonoManager ReloadAssembly
Native extension for WindowsStandalone target not found
Native extension for WebGL target not found
Refreshing native plugins compatible for Editor in 0.28 ms, found 0 plugins.
Preloading 0 native plugins for Editor in 0.00 ms.
Mono: successfully reloaded assembly
- Completed reload, in  0.912 seconds
Platform modules already initialized, skipping
Refreshing native plugins compatible for Editor in 0.25 ms, found 0 plugins.
Preloading 0 native plugins for Editor in 0.00 ms.
Unloading 1258 Unused Serialized files (Serialized files now loaded: 0)
System memory in use before: 62.4 MB.
System memory in use after: 62.5 MB.

Unloading 6 unused Assets to reduce memory usage. Loaded Objects now: 1724.
Total: 2.220200 ms (FindLiveObjects: 0.248400 ms CreateObjectMapping: 0.062200 ms MarkObjects: 1.854500 ms  DeleteObjects: 0.053900 ms)

========================================================================
Received Import Request.
  Time since last request: 584.646006 seconds.
  path: Assets/Scripts/Quit.cs
  artifactKey: Guid(5446fedc9d31ede40b9c3370dae47dd4) Importer(815301076,1909f56bfc062723c751e8b465ee728b)
Start importing Assets/Scripts/Quit.cs using Guid(5446fedc9d31ede40b9c3370dae47dd4) Importer(815301076,1909f56bfc062723c751e8b465ee728b)  -> (artifact id: 'c0c972630a43fc9e2a6fb31ad0987806') in 0.010464 seconds
  Import took 0.013446 seconds .

========================================================================
Received Prepare
Registering precompiled user dll's ...
Registered in 0.000524 seconds.
Begin MonoManager ReloadAssembly
Native extension for WindowsStandalone target not found
Native extension for WebGL target not found
Refreshing native plugins compatible for Editor in 0.27 ms, found 0 plugins.
Preloading 0 native plugins for Editor in 0.00 ms.
Mono: successfully reloaded assembly
- Completed reload, in  0.864 seconds
Platform modules already initialized, skipping
Refreshing native plugins compatible for Editor in 0.25 ms, found 0 plugins.
Preloading 0 native plugins for Editor in 0.00 ms.
Unloading 1259 Unused Serialized files (Serialized files now loaded: 0)
System memory in use before: 62.4 MB.
System memory in use after: 62.5 MB.

Unloading 6 unused Assets to reduce memory usage. Loaded Objects now: 1728.
Total: 2.015500 ms (FindLiveObjects: 0.188200 ms CreateObjectMapping: 0.093500 ms MarkObjects: 1.681200 ms  DeleteObjects: 0.051600 ms)

========================================================================
Received Import Request.
  Time since last request: 11.269040 seconds.
  path: Assets/Scripts/Mover.cs
  artifactKey: Guid(27f55d8e27fddaf4f9ba2c297030feb6) Importer(815301076,1909f56bfc062723c751e8b465ee728b)
Start importing Assets/Scripts/Mover.cs using Guid(27f55d8e27fddaf4f9ba2c297030feb6) Importer(815301076,1909f56bfc062723c751e8b465ee728b)  -> (artifact id: '71715a0d4b2622102a8e0b665eee5b8f') in 0.008715 seconds
  Import took 0.011623 seconds .

========================================================================
Received Import Request.
  Time since last request: 0.027434 seconds.
  path: Assets/Scripts/Mover.cs
  artifactKey: Guid(27f55d8e27fddaf4f9ba2c297030feb6) Importer(815301076,1909f56bfc062723c751e8b465ee728b)
Start importing Assets/Scripts/Mover.cs using Guid(27f55d8e27fddaf4f9ba2c297030feb6) Importer(815301076,1909f56bfc062723c751e8b465ee728b)  -> (artifact id: '71715a0d4b2622102a8e0b665eee5b8f') in 0.001819 seconds
  Import took 0.004213 seconds .

========================================================================
Received Prepare
Registering precompiled user dll's ...
Registered in 0.000590 seconds.
Begin MonoManager ReloadAssembly
Native extension for WindowsStandalone target not found
Native extension for WebGL target not found
Refreshing native plugins compatible for Editor in 0.30 ms, found 0 plugins.
Preloading 0 native plugins for Editor in 0.00 ms.
Mono: successfully reloaded assembly
- Completed reload, in  0.851 seconds
Platform modules already initialized, skipping
Refreshing native plugins compatible for Editor in 0.25 ms, found 0 plugins.
Preloading 0 native plugins for Editor in 0.00 ms.
Unloading 1259 Unused Serialized files (Serialized files now loaded: 0)
System memory in use before: 62.4 MB.
System memory in use after: 62.5 MB.

Unloading 6 unused Assets to reduce memory usage. Loaded Objects now: 1731.
Total: 1.946600 ms (FindLiveObjects: 0.132600 ms CreateObjectMapping: 0.042000 ms MarkObjects: 1.725200 ms  DeleteObjects: 0.046000 ms)

========================================================================
Received Import Request.
  Time since last request: 166.199902 seconds.
  path: Assets/Scenes/Moving.unity
  artifactKey: Guid(9f4434745ee17084992f9ca0949e471b) Importer(815301076,1909f56bfc062723c751e8b465ee728b)
Start importing Assets/Scenes/Moving.unity using Guid(9f4434745ee17084992f9ca0949e471b) Importer(815301076,1909f56bfc062723c751e8b465ee728b)  -> (artifact id: '05ff22fcb8b56f694759022fe6ef96b2') in 0.016183 seconds
  Import took 0.018450 seconds .

========================================================================
Received Prepare
Registering precompiled user dll's ...
Registered in 0.000576 seconds.
Begin MonoManager ReloadAssembly
Native extension for WindowsStandalone target not found
Native extension for WebGL target not found
Refreshing native plugins compatible for Editor in 0.25 ms, found 0 plugins.
Preloading 0 native plugins for Editor in 0.00 ms.
Mono: successfully reloaded assembly
- Completed reload, in  0.837 seconds
Platform modules already initialized, skipping
Refreshing native plugins compatible for Editor in 0.32 ms, found 0 plugins.
Preloading 0 native plugins for Editor in 0.00 ms.
Unloading 1259 Unused Serialized files (Serialized files now loaded: 0)
System memory in use before: 62.4 MB.
System memory in use after: 62.5 MB.

Unloading 6 unused Assets to reduce memory usage. Loaded Objects now: 1734.
Total: 2.150400 ms (FindLiveObjects: 0.228500 ms CreateObjectMapping: 0.071800 ms MarkObjects: 1.790000 ms  DeleteObjects: 0.058800 ms)

========================================================================
Received Prepare
Refreshing native plugins compatible for Editor in 0.65 ms, found 0 plugins.
Preloading 0 native plugins for Editor in 0.00 ms.
Unloading 3 Unused Serialized files (Serialized files now loaded: 0)
System memory in use before: 37.4 MB.
System memory in use after: 37.5 MB.

Unloading 3 unused Assets to reduce memory usage. Loaded Objects now: 1734.
Total: 4.431500 ms (FindLiveObjects: 0.295500 ms CreateObjectMapping: 0.131200 ms MarkObjects: 3.921400 ms  DeleteObjects: 0.081000 ms)

AssetImportWorkerClient::OnTransportError - code=2 error=End of file
